<?xml version="1.0" encoding="UTF-8"?>
<!-- Generated by org.testng.reporters.JUnitXMLReporter -->
<testsuite ignored="1" hostname="DESKTOP-2LPG92S" failures="0" tests="4" name="Default test" time="82.636" errors="0" timestamp="2020-07-26T16:12:23 CEST">
  <testcase classname="AutomationPractice.page.SignUp" name="verifyLogin" time="37.631"/>
  <testcase classname="AutomationPractice.page.SignUp" name="WishList" time="14.395"/>
  <testcase classname="AutomationPractice.page.SignUp" name="DeleteList" time="5.935"/>
  <testcase classname="AutomationPractice.page.SignUp" name="AddItemToWishList" time="15.153"/>
  <testcase classname="Base.BaseTest" name="@BeforeTest setUp" time="0.0">
    <ignored/>
  </testcase> <!-- @BeforeTest setUp -->
</testsuite> <!-- Default test -->
